<html>
<body>
<pre>
<h1>µVision Build Log</h1>
<h2>Project:</h2>
E:\code\work\stm32f4¸÷Ä£¿é²âÊÔ\STEMWIN\emWin\PRO\emWin.uvproj
Project File Date:  07/10/2015

<h2>Output:</h2>
Build target 'emWin'
compiling main.c...
compiling GUI_VNC_X.c...
..\emWin\Sample\GUI_X\GUI_VNC_X.c(35): error:  #5: cannot open source input file "GUI_X.h": No such file or directory
  #include "GUI_X.h"
..\emWin\Sample\GUI_X\GUI_VNC_X.c: 0 warnings, 1 error
compiling GUI_X_Touch_Analog.c...
..\emWin\Sample\GUI_X\GUI_X_Touch_Analog.c(35): error:  #5: cannot open source input file "GUI_X.h": No such file or directory
  #include "GUI_X.h"
..\emWin\Sample\GUI_X\GUI_X_Touch_Analog.c: 0 warnings, 1 error
compiling GUI_X_Touch_StoreState.c...
..\emWin\Sample\GUI_X\GUI_X_Touch_StoreState.c(46): error:  #20: identifier "U16" is undefined
    static U16 xOld;
..\emWin\Sample\GUI_X\GUI_X_Touch_StoreState.c(47): error:  #20: identifier "U16" is undefined
    static U16 yOld;
..\emWin\Sample\GUI_X\GUI_X_Touch_StoreState.c(48): error:  #20: identifier "U8" is undefined
    static U8  PressedOld;
..\emWin\Sample\GUI_X\GUI_X_Touch_StoreState.c(49): error:  #20: identifier "U16" is undefined
    U16 x, y, xDiff, yDiff;
..\emWin\Sample\GUI_X\GUI_X_Touch_StoreState.c(50): error:  #20: identifier "U8" is undefined
    U8  Pressed;
..\emWin\Sample\GUI_X\GUI_X_Touch_StoreState.c(59): error:  #29: expected an expression
      if (Pressed) {
..\emWin\Sample\GUI_X\GUI_X_Touch_StoreState.c(105): warning:  #12-D: parsing restarts here after previous syntax error
      GUI_X_Delay(20);
..\emWin\Sample\GUI_X\GUI_X_Touch_StoreState.c: 1 warning, 6 errors
"..\obj\emWin.axf" - 8 Error(s), 1 Warning(s).
Target not created
te.c(96): error:  #112: expected "while"
      } else {
..\emWin\Sample\GUI_X\GUI_X_Touch_StoreState.c(106): warning:  #12-D: parsing restarts here after previous syntax error
    } while (1);
..\emWin\Sample\GUI_X\GUI_X_Touch_StoreState.c(106): error:  #125: expected a "("
    } while (1);
..\emWin\Sample\GUI_X\GUI_X_Touch_StoreState.c(106): error:  #29: expected an expression
    } while (1);
..\emWin\Sample\GUI_X\GUI_X_Touch_StoreState.c(106): error:  #18: expected a ")"
    } while (1);
..\emWin\Sample\GUI_X\GUI_X_Touch_StoreState.c(106): error:  #65: expected a ";"
    } while (1);
..\emWin\Sample\GUI_X\GUI_X_Touch_StoreState.c(106): error:  #169: expected a declaration
    } while (1);
..\emWin\Sample\GUI_X\GUI_X_Touch_StoreState.c(107): error:  #169: expected a declaration
  }
..\emWin\Sample\GUI_X\GUI_X_Touch_StoreState.c: 2 warnings, 14 errors
"..\obj\emWin.axf" - 16 Error(s), 2 Warning(s).
Target not created
after previous syntax error
    } while (1);
..\emWin\Sample\GUI_X\GUI_X_Touch_StoreState.c(106): error:  #125: expected a "("
    } while (1);
..\emWin\Sample\GUI_X\GUI_X_Touch_StoreState.c(106): error:  #29: expected an expression
    } while (1);
..\emWin\Sample\GUI_X\GUI_X_Touch_StoreState.c(106): error:  #18: expected a ")"
    } while (1);
..\emWin\Sample\GUI_X\GUI_X_Touch_StoreState.c(106): error:  #65: expected a ";"
    } while (1);
..\emWin\Sample\GUI_X\GUI_X_Touch_StoreState.c(106): error:  #169: expected a declaration
    } while (1);
..\emWin\Sample\GUI_X\GUI_X_Touch_StoreState.c(107): error:  #169: expected a declaration
  }
..\emWin\Sample\GUI_X\GUI_X_Touch_StoreState.c: 2 warnings, 14 errors
"..\obj\emWin.axf" - 22 Error(s), 2 Warning(s).
Target not created
ression
    } while (1);
..\emWin\Sample\GUI_X\GUI_X_Touch_StoreState.c(106): error:  #18: expected a ")"
    } while (1);
..\emWin\Sample\GUI_X\GUI_X_Touch_StoreState.c(106): error:  #65: expected a ";"
    } while (1);
..\emWin\Sample\GUI_X\GUI_X_Touch_StoreState.c(106): error:  #169: expected a declaration
    } while (1);
..\emWin\Sample\GUI_X\GUI_X_Touch_StoreState.c(107): error:  #169: expected a declaration
  }
..\emWin\Sample\GUI_X\GUI_X_Touch_StoreState.c: 2 warnings, 14 errors
compiling GUIConf.c...
compiling LCDConf.c...
..\emWin\Sample\Config\LCDConf.c(182): warning:  #550-D: variable "p" was set but never used
      LCD_X_SETVRAMADDR_INFO * p;
..\emWin\Sample\Config\LCDConf.c(191): warning:  #550-D: variable "p" was set but never used
      LCD_X_SETORG_INFO * p;
..\emWin\Sample\Config\LCDConf.c(200): warning:  #550-D: variable "p" was set but never used
      LCD_X_SHOWBUFFER_INFO * p;
..\emWin\Sample\Config\LCDConf.c(209): warning:  #550-D: variable "p" was set but never used
      LCD_X_SETLUTENTRY_INFO * p;
..\emWin\Sample\Config\LCDConf.c: 4 warnings, 0 errors
compiling WindowDLG.c...
"..\obj\emWin.axf" - 24 Error(s), 6 Warning(s).
Target not created
\main.c(92): error:  #20: identifier "NVIC_InitTypeDef" is undefined
        NVIC_InitTypeDef NVIC_InitStructure;
..\App\main.c(94): warning:  #223-D: function "RCC_APB2PeriphClockCmd" declared implicitly
      RCC_APB2PeriphClockCmd(RCC_APB2Periph_SYSCFG,ENABLE);
..\App\main.c(94): error:  #20: identifier "RCC_APB2Periph_SYSCFG" is undefined
      RCC_APB2PeriphClockCmd(RCC_APB2Periph_SYSCFG,ENABLE);
..\App\main.c: 4 warnings, 30 errors
compiling stm32f4xx_it.c...
..\App\stm32f4xx_it.c(55): warning:  #223-D: function "EXTI_GetITStatus" declared implicitly
        if(EXTI_GetITStatus(EXTI_Line5) != RESET)//å³é”®
..\App\stm32f4xx_it.c(55): error:  #20: identifier "EXTI_Line5" is undefined
        if(EXTI_GetITStatus(EXTI_Line5) != RESET)//å³é”®
..\App\stm32f4xx_it.c(57): warning:  #223-D: function "EXTI_ClearITPendingBit" declared implicitly
                EXTI_ClearITPendingBit(EXTI_Line5);
..\App\stm32f4xx_it.c(62): error:  #20: identifier "EXTI_Line6" is undefined
        if(EXTI_GetITStatus(EXTI_Line6) != RESET)//å·¦é”®
..\App\stm32f4xx_it.c(64): warning:  #223-D: function "EXTI_ClearITPendingBit" declared implicitly
                EXTI_ClearITPendingBit(EXTI_Line6);
..\App\stm32f4xx_it.c(70): error:  #20: identifier "EXTI_Line8" is undefined
        if(EXTI_GetITStatus(EXTI_Line8) != RESET)//ä¸Šé”®
..\App\stm32f4xx_it.c(72): warning:  #223-D: function "EXTI_ClearITPendingBit" declared implicitly
                EXTI_ClearITPendingBit(EXTI_Line8);
..\App\stm32f4xx_it.c(77): error:  #20: identifier "EXTI_Line9" is undefined
        if(EXTI_GetITStatus(EXTI_Line9) != RESET)//ç¡®è®¤
..\App\stm32f4xx_it.c(79): warning:  #223-D: function "EXTI_ClearITPendingBit" declared implicitly
                EXTI_ClearITPendingBit(EXTI_Line9);
..\App\stm32f4xx_it.c(86): warning:  #223-D: function "EXTI_GetITStatus" declared implicitly
        if(EXTI_GetITStatus(EXTI_Line13) != RESET)//ä¸‹é”®
..\App\stm32f4xx_it.c(86): error:  #20: identifier "EXTI_Line13" is undefined
        if(EXTI_GetITStatus(EXTI_Line13) != RESET)//ä¸‹é”®
..\App\stm32f4xx_it.c(88): warning:  #223-D: function "EXTI_ClearITPendingBit" declared implicitly
                EXTI_ClearITPendingBit(EXTI_Line13);
..\App\stm32f4xx_it.c: 7 warnings, 5 errors
compiling lcd_ili9325.c...
..\App\BSP\lcd_ili9325.c(1): error:  #5: cannot open source input file "font.h": No such file or directory
  #include "font.h"
..\App\BSP\lcd_ili9325.c: 0 warnings, 1 error
compiling GUI_VNC_X.c...
..\emWin\Sample\GUI_X\GUI_VNC_X.c(35): error:  #5: cannot open source input file "GUI_X.h": No such file or directory
  #include "GUI_X.h"
..\emWin\Sample\GUI_X\GUI_VNC_X.c: 0 warnings, 1 error
compiling GUI_X_Touch_Analog.c...
..\emWin\Sample\GUI_X\GUI_X_Touch_Analog.c(35): error:  #5: cannot open source input file "GUI_X.h": No such file or directory
  #include "GUI_X.h"
..\emWin\Sample\GUI_X\GUI_X_Touch_Analog.c: 0 warnings, 1 error
compiling GUI_X_Touch_StoreState.c...
..\emWin\Sample\GUI_X\GUI_X_Touch_StoreState.c(46): error:  #20: identifier "U16" is undefined
    static U16 xOld;
..\emWin\Sample\GUI_X\GUI_X_Touch_StoreState.c(47): error:  #20: identifier "U16" is undefined
    static U16 yOld;
..\emWin\Sample\GUI_X\GUI_X_Touch_StoreState.c(48): error:  #20: identifier "U8" is undefined
    static U8  PressedOld;
..\emWin\Sample\GUI_X\GUI_X_Touch_StoreState.c(49): error:  #20: identifier "U16" is undefined
    U16 x, y, xDiff, yDiff;
..\emWin\Sample\GUI_X\GUI_X_Touch_StoreState.c(50): error:  #20: identifier "U8" is undefined
    U8  Pressed;
..\emWin\Sample\GUI_X\GUI_X_Touch_StoreState.c(59): error:  #29: expected an expression
      if (Pressed) {
..\emWin\Sample\GUI_X\GUI_X_Touch_StoreState.c(96): warning:  #12-D: parsing restarts here after previous syntax error
      } else {
..\emWin\Sample\GUI_X\GUI_X_Touch_StoreState.c(96): error:  #65: expected a ";"
      } else {
..\emWin\Sample\GUI_X\GUI_X_Touch_StoreState.c(96): error:  #112: expected "while"
      } else {
..\emWin\Sample\GUI_X\GUI_X_Touch_StoreState.c(106): warning:  #12-D: parsing restarts here after previous syntax error
    } while (1);
..\emWin\Sample\GUI_X\GUI_X_Touch_StoreState.c(106): error:  #125: expected a "("
    } while (1);
..\emWin\Sample\GUI_X\GUI_X_Touch_StoreState.c(106): error:  #29: expected an expression
    } while (1);
..\emWin\Sample\GUI_X\GUI_X_Touch_StoreState.c(106): error:  #18: expected a ")"
    } while (1);
..\emWin\Sample\GUI_X\GUI_X_Touch_StoreState.c(106): error:  #65: expected a ";"
    } while (1);
..\emWin\Sample\GUI_X\GUI_X_Touch_StoreState.c(106): error:  #169: expected a declaration
    } while (1);
..\emWin\Sample\GUI_X\GUI_X_Touch_StoreState.c(107): error:  #169: expected a declaration
  }
..\emWin\Sample\GUI_X\GUI_X_Touch_StoreState.c: 2 warnings, 14 errors
".\emWin.axf" - 52 Error(s), 13 Warning(s).
Target not created
L_PERIPH(DMAy_Streamx));
..\LIB\SRC\stm32f4xx_dma.c(930): warning:  #223-D: function "assert_param" declared implicitly
    assert_param(IS_DMA_ALL_PERIPH(DMAy_Streamx));
..\LIB\SRC\stm32f4xx_dma.c(964): warning:  #223-D: function "assert_param" declared implicitly
    assert_param(IS_DMA_ALL_PERIPH(DMAy_Streamx));
..\LIB\SRC\stm32f4xx_dma.c(993): warning:  #223-D: function "assert_param" declared implicitly
    assert_param(IS_DMA_ALL_PERIPH(DMAy_Streamx));
..\LIB\SRC\stm32f4xx_dma.c(1058): warning:  #223-D: function "assert_param" declared implicitly
    assert_param(IS_DMA_ALL_PERIPH(DMAy_Streamx));
..\LIB\SRC\stm32f4xx_dma.c(1103): warning:  #223-D: function "assert_param" declared implicitly
    assert_param(IS_DMA_ALL_PERIPH(DMAy_Streamx));
..\LIB\SRC\stm32f4xx_dma.c(1159): warning:  #223-D: function "assert_param" declared implicitly
    assert_param(IS_DMA_ALL_PERIPH(DMAy_Streamx));
..\LIB\SRC\stm32f4xx_dma.c(1239): warning:  #223-D: function "assert_param" declared implicitly
    assert_param(IS_DMA_ALL_PERIPH(DMAy_Streamx));
..\LIB\SRC\stm32f4xx_dma.c: 18 warnings, 0 errors
compiling stm32f4xx_exti.c...
..\LIB\SRC\stm32f4xx_exti.c(124): warning:  #223-D: function "assert_param" declared implicitly
    assert_param(IS_EXTI_MODE(EXTI_InitStruct->EXTI_Mode));
..\LIB\SRC\stm32f4xx_exti.c(193): warning:  #223-D: function "assert_param" declared implicitly
    assert_param(IS_EXTI_LINE(EXTI_Line));
..\LIB\SRC\stm32f4xx_exti.c(224): warning:  #223-D: function "assert_param" declared implicitly
    assert_param(IS_GET_EXTI_LINE(EXTI_Line));
..\LIB\SRC\stm32f4xx_exti.c(246): warning:  #223-D: function "assert_param" declared implicitly
    assert_param(IS_EXTI_LINE(EXTI_Line));
..\LIB\SRC\stm32f4xx_exti.c(262): warning:  #223-D: function "assert_param" declared implicitly
    assert_param(IS_GET_EXTI_LINE(EXTI_Line));
..\LIB\SRC\stm32f4xx_exti.c(285): warning:  #223-D: function "assert_param" declared implicitly
    assert_param(IS_EXTI_LINE(EXTI_Line));
..\LIB\SRC\stm32f4xx_exti.c: 6 warnings, 0 errors
compiling stm32f4xx_gpio.c...
..\LIB\SRC\stm32f4xx_gpio.c(123): warning:  #223-D: function "assert_param" declared implicitly
    assert_param(IS_GPIO_ALL_PERIPH(GPIOx));
..\LIB\SRC\stm32f4xx_gpio.c(187): warning:  #223-D: function "assert_param" declared implicitly
    assert_param(IS_GPIO_ALL_PERIPH(GPIOx));
..\LIB\SRC\stm32f4xx_gpio.c(260): warning:  #223-D: function "assert_param" declared implicitly
    assert_param(IS_GPIO_ALL_PERIPH(GPIOx));
..\LIB\SRC\stm32f4xx_gpio.c(304): warning:  #223-D: function "assert_param" declared implicitly
    assert_param(IS_GPIO_ALL_PERIPH(GPIOx));
..\LIB\SRC\stm32f4xx_gpio.c(326): warning:  #223-D: function "assert_param" declared implicitly
    assert_param(IS_GPIO_ALL_PERIPH(GPIOx));
..\LIB\SRC\stm32f4xx_gpio.c(343): warning:  #223-D: function "assert_param" declared implicitly
    assert_param(IS_GPIO_ALL_PERIPH(GPIOx));
..\LIB\SRC\stm32f4xx_gpio.c(365): warning:  #223-D: function "assert_param" declared implicitly
    assert_param(IS_GPIO_ALL_PERIPH(GPIOx));
..\LIB\SRC\stm32f4xx_gpio.c(383): warning:  #223-D: function "assert_param" declared implicitly
    assert_param(IS_GPIO_ALL_PERIPH(GPIOx));
..\LIB\SRC\stm32f4xx_gpio.c(402): warning:  #223-D: function "assert_param" declared implicitly
    assert_param(IS_GPIO_ALL_PERIPH(GPIOx));
..\LIB\SRC\stm32f4xx_gpio.c(422): warning:  #223-D: function "assert_param" declared implicitly
    assert_param(IS_GPIO_ALL_PERIPH(GPIOx));
..\LIB\SRC\stm32f4xx_gpio.c(445): warning:  #223-D: function "assert_param" declared implicitly
    assert_param(IS_GPIO_ALL_PERIPH(GPIOx));
..\LIB\SRC\stm32f4xx_gpio.c(459): warning:  #223-D: function "assert_param" declared implicitly
    assert_param(IS_GPIO_ALL_PERIPH(GPIOx));
..\LIB\SRC\stm32f4xx_gpio.c(535): warning:  #223-D: function "assert_param" declared implicitly
    assert_param(IS_GPIO_ALL_PERIPH(GPIOx));
..\LIB\SRC\stm32f4xx_gpio.c: 13 warnings, 0 errors
compiling stm32f4xx_rcc.c...
..\LIB\SRC\stm32f4xx_rcc.c(240): warning:  #223-D: function "assert_param" declared implicitly
    assert_param(IS_RCC_HSE(RCC_HSE));
..\LIB\SRC\stm32f4xx_rcc.c(296): warning:  #223-D: function "assert_param" declared implicitly
    assert_param(IS_RCC_CALIBRATION_VALUE(HSICalibrationValue));
..\LIB\SRC\stm32f4xx_rcc.c(331): warning:  #223-D: function "assert_param" declared implicitly
    assert_param(IS_FUNCTIONAL_STATE(NewState));
..\LIB\SRC\stm32f4xx_rcc.c(356): warning:  #223-D: function "assert_param" declared implicitly
    assert_param(IS_RCC_LSE(RCC_LSE));
..\LIB\SRC\stm32f4xx_rcc.c(396): warning:  #223-D: function "assert_param" declared implicitly
    assert_param(IS_FUNCTIONAL_STATE(NewState));
..\LIB\SRC\stm32f4xx_rcc.c(439): warning:  #223-D: function "assert_param" declared implicitly
    assert_param(IS_RCC_PLL_SOURCE(RCC_PLLSource));
..\LIB\SRC\stm32f4xx_rcc.c(462): warning:  #223-D: function "assert_param" declared implicitly
    assert_param(IS_FUNCTIONAL_STATE(NewState));
..\LIB\SRC\stm32f4xx_rcc.c(488): warning:  #223-D: function "assert_param" declared implicitly
    assert_param(IS_RCC_PLLI2SN_VALUE(PLLI2SN));
..\LIB\SRC\stm32f4xx_rcc.c(503): warning:  #223-D: function "assert_param" declared implicitly
    assert_param(IS_FUNCTIONAL_STATE(NewState));
..\LIB\SRC\stm32f4xx_rcc.c(521): warning:  #223-D: function "assert_param" declared implicitly
    assert_param(IS_FUNCTIONAL_STATE(NewState));
..\LIB\SRC\stm32f4xx_rcc.c(548): warning:  #223-D: function "assert_param" declared implicitly
    assert_param(IS_RCC_MCO1SOURCE(RCC_MCO1Source));
..\LIB\SRC\stm32f4xx_rcc.c(586): warning:  #223-D: function "assert_param" declared implicitly
    assert_param(IS_RCC_MCO2SOURCE(RCC_MCO2Source));
..\LIB\SRC\stm32f4xx_rcc.c(692): warning:  #223-D: function "assert_param" declared implicitly
    assert_param(IS_RCC_SYSCLK_SOURCE(RCC_SYSCLKSource));
..\LIB\SRC\stm32f4xx_rcc.c(745): warning:  #223-D: function "assert_param" declared implicitly
    assert_param(IS_RCC_HCLK(RCC_SYSCLK));
..\LIB\SRC\stm32f4xx_rcc.c(777): warning:  #223-D: function "assert_param" declared implicitly
    assert_param(IS_RCC_PCLK(RCC_HCLK));
..\LIB\SRC\stm32f4xx_rcc.c(808): warning:  #223-D: function "assert_param" declared implicitly
    assert_param(IS_RCC_PCLK(RCC_HCLK));
..\LIB\SRC\stm32f4xx_rcc.c(985): warning:  #223-D: function "assert_param" declared implicitly
    assert_param(IS_RCC_RTCCLK_SOURCE(RCC_RTCCLKSource));
..\LIB\SRC\stm32f4xx_rcc.c(1015): warning:  #223-D: function "assert_param" declared implicitly
    assert_param(IS_FUNCTIONAL_STATE(NewState));
..\LIB\SRC\stm32f4xx_rcc.c(1032): warning:  #223-D: function "assert_param" declared implicitly
    assert_param(IS_FUNCTIONAL_STATE(NewState));
..\LIB\SRC\stm32f4xx_rcc.c(1049): warning:  #223-D: function "assert_param" declared implicitly
    assert_param(IS_RCC_I2SCLK_SOURCE(RCC_I2SCLKSource));
..\LIB\SRC\stm32f4xx_rcc.c(1088): warning:  #223-D: function "assert_param" declared implicitly
    assert_param(IS_RCC_AHB1_CLOCK_PERIPH(RCC_AHB1Periph));
..\LIB\SRC\stm32f4xx_rcc.c(1120): warning:  #223-D: function "assert_param" declared implicitly
    assert_param(IS_RCC_AHB2_PERIPH(RCC_AHB2Periph));
..\LIB\SRC\stm32f4xx_rcc.c(1147): warning:  #223-D: function "assert_param" declared implicitly
    assert_param(IS_RCC_AHB3_PERIPH(RCC_AHB3Periph));  
..\LIB\SRC\stm32f4xx_rcc.c(1197): warning:  #223-D: function "assert_param" declared implicitly
    assert_param(IS_RCC_APB1_PERIPH(RCC_APB1Periph));  
..\LIB\SRC\stm32f4xx_rcc.c(1237): warning:  #223-D: function "assert_param" declared implicitly
    assert_param(IS_RCC_APB2_PERIPH(RCC_APB2Periph));
..\LIB\SRC\stm32f4xx_rcc.c(1276): warning:  #223-D: function "assert_param" declared implicitly
    assert_param(IS_RCC_AHB1_RESET_PERIPH(RCC_AHB1Periph));
..\LIB\SRC\stm32f4xx_rcc.c(1305): warning:  #223-D: function "assert_param" declared implicitly
    assert_param(IS_RCC_AHB2_PERIPH(RCC_AHB2Periph));
..\LIB\SRC\stm32f4xx_rcc.c(1329): warning:  #223-D: function "assert_param" declared implicitly
    assert_param(IS_RCC_AHB3_PERIPH(RCC_AHB3Periph));
..\LIB\SRC\stm32f4xx_rcc.c(1376): warning:  #223-D: function "assert_param" declared implicitly
    assert_param(IS_RCC_APB1_PERIPH(RCC_APB1Periph));
..\LIB\SRC\stm32f4xx_rcc.c(1412): warning:  #223-D: function "assert_param" declared implicitly
    assert_param(IS_RCC_APB2_RESET_PERIPH(RCC_APB2Periph));
..\LIB\SRC\stm32f4xx_rcc.c(1458): warning:  #223-D: function "assert_param" declared implicitly
    assert_param(IS_RCC_AHB1_LPMODE_PERIPH(RCC_AHB1Periph));
..\LIB\SRC\stm32f4xx_rcc.c(1490): warning:  #223-D: function "assert_param" declared implicitly
    assert_param(IS_RCC_AHB2_PERIPH(RCC_AHB2Periph));
..\LIB\SRC\stm32f4xx_rcc.c(1517): warning:  #223-D: function "assert_param" declared implicitly
    assert_param(IS_RCC_AHB3_PERIPH(RCC_AHB3Periph));
..\LIB\SRC\stm32f4xx_rcc.c(1567): warning:  #223-D: function "assert_param" declared implicitly
    assert_param(IS_RCC_APB1_PERIPH(RCC_APB1Periph));
..\LIB\SRC\stm32f4xx_rcc.c(1607): warning:  #223-D: function "assert_param" declared implicitly
    assert_param(IS_RCC_APB2_PERIPH(RCC_APB2Periph));
..\LIB\SRC\stm32f4xx_rcc.c(1652): warning:  #223-D: function "assert_param" declared implicitly
    assert_param(IS_RCC_IT(RCC_IT));
..\LIB\SRC\stm32f4xx_rcc.c(1692): warning:  #223-D: function "assert_param" declared implicitly
    assert_param(IS_RCC_FLAG(RCC_FLAG));
..\LIB\SRC\stm32f4xx_rcc.c(1754): warning:  #223-D: function "assert_param" declared implicitly
    assert_param(IS_RCC_GET_IT(RCC_IT));
..\LIB\SRC\stm32f4xx_rcc.c(1785): warning:  #223-D: function "assert_param" declared implicitly
    assert_param(IS_RCC_CLEAR_IT(RCC_IT));
..\LIB\SRC\stm32f4xx_rcc.c: 39 warnings, 0 errors
compiling stm32f4xx_syscfg.c...
..\LIB\SRC\stm32f4xx_syscfg.c(105): warning:  #223-D: function "assert_param" declared implicitly
    assert_param(IS_SYSCFG_MEMORY_REMAP_CONFING(SYSCFG_MemoryRemap));
..\LIB\SRC\stm32f4xx_syscfg.c(124): warning:  #223-D: function "assert_param" declared implicitly
    assert_param(IS_EXTI_PORT_SOURCE(EXTI_PortSourceGPIOx));
..\LIB\SRC\stm32f4xx_syscfg.c(142): warning:  #223-D: function "assert_param" declared implicitly
    assert_param(IS_SYSCFG_ETH_MEDIA_INTERFACE(SYSCFG_ETH_MediaInterface)); 
..\LIB\SRC\stm32f4xx_syscfg.c(160): warning:  #223-D: function "assert_param" declared implicitly
    assert_param(IS_FUNCTIONAL_STATE(NewState));
..\LIB\SRC\stm32f4xx_syscfg.c: 4 warnings, 0 errors
compiling stm32f4xx_usart.c...
..\LIB\SRC\stm32f4xx_usart.c(181): warning:  #223-D: function "assert_param" declared implicitly
    assert_param(IS_USART_ALL_PERIPH(USARTx));
..\LIB\SRC\stm32f4xx_usart.c(235): warning:  #223-D: function "assert_param" declared implicitly
    assert_param(IS_USART_ALL_PERIPH(USARTx));
..\LIB\SRC\stm32f4xx_usart.c(364): warning:  #223-D: function "assert_param" declared implicitly
    assert_param(IS_USART_1236_PERIPH(USARTx));
..\LIB\SRC\stm32f4xx_usart.c(411): warning:  #223-D: function "assert_param" declared implicitly
    assert_param(IS_USART_ALL_PERIPH(USARTx));
..\LIB\SRC\stm32f4xx_usart.c(437): warning:  #223-D: function "assert_param" declared implicitly
    assert_param(IS_USART_ALL_PERIPH(USARTx));
..\LIB\SRC\stm32f4xx_usart.c(458): warning:  #223-D: function "assert_param" declared implicitly
    assert_param(IS_USART_ALL_PERIPH(USARTx));
..\LIB\SRC\stm32f4xx_usart.c(484): warning:  #223-D: function "assert_param" declared implicitly
    assert_param(IS_USART_ALL_PERIPH(USARTx));
..\LIB\SRC\stm32f4xx_usart.c(541): warning:  #223-D: function "assert_param" declared implicitly
    assert_param(IS_USART_ALL_PERIPH(USARTx));
..\LIB\SRC\stm32f4xx_usart.c(557): warning:  #223-D: function "assert_param" declared implicitly
    assert_param(IS_USART_ALL_PERIPH(USARTx));
..\LIB\SRC\stm32f4xx_usart.c(608): warning:  #223-D: function "assert_param" declared implicitly
    assert_param(IS_USART_ALL_PERIPH(USARTx));
..\LIB\SRC\stm32f4xx_usart.c(628): warning:  #223-D: function "assert_param" declared implicitly
    assert_param(IS_USART_ALL_PERIPH(USARTx));
..\LIB\SRC\stm32f4xx_usart.c(655): warning:  #223-D: function "assert_param" declared implicitly
    assert_param(IS_USART_ALL_PERIPH(USARTx));
..\LIB\SRC\stm32f4xx_usart.c(724): warning:  #223-D: function "assert_param" declared implicitly
    assert_param(IS_USART_ALL_PERIPH(USARTx));
..\LIB\SRC\stm32f4xx_usart.c(742): warning:  #223-D: function "assert_param" declared implicitly
    assert_param(IS_USART_ALL_PERIPH(USARTx));
..\LIB\SRC\stm32f4xx_usart.c(766): warning:  #223-D: function "assert_param" declared implicitly
    assert_param(IS_USART_ALL_PERIPH(USARTx));
..\LIB\SRC\stm32f4xx_usart.c(819): warning:  #223-D: function "assert_param" declared implicitly
    assert_param(IS_USART_ALL_PERIPH(USARTx));
..\LIB\SRC\stm32f4xx_usart.c(904): warning:  #223-D: function "assert_param" declared implicitly
    assert_param(IS_USART_1236_PERIPH(USARTx));
..\LIB\SRC\stm32f4xx_usart.c(923): warning:  #223-D: function "assert_param" declared implicitly
    assert_param(IS_USART_1236_PERIPH(USARTx));
..\LIB\SRC\stm32f4xx_usart.c(948): warning:  #223-D: function "assert_param" declared implicitly
    assert_param(IS_USART_1236_PERIPH(USARTx)); 
..\LIB\SRC\stm32f4xx_usart.c(1019): warning:  #223-D: function "assert_param" declared implicitly
    assert_param(IS_USART_ALL_PERIPH(USARTx));
..\LIB\SRC\stm32f4xx_usart.c(1037): warning:  #223-D: function "assert_param" declared implicitly
    assert_param(IS_USART_ALL_PERIPH(USARTx));
..\LIB\SRC\stm32f4xx_usart.c(1083): warning:  #223-D: function "assert_param" declared implicitly
    assert_param(IS_USART_ALL_PERIPH(USARTx));
..\LIB\SRC\stm32f4xx_usart.c(1213): warning:  #223-D: function "assert_param" declared implicitly
    assert_param(IS_USART_ALL_PERIPH(USARTx));
..\LIB\SRC\stm32f4xx_usart.c(1276): warning:  #223-D: function "assert_param" declared implicitly
    assert_param(IS_USART_ALL_PERIPH(USARTx));
..\LIB\SRC\stm32f4xx_usart.c(1324): warning:  #223-D: function "assert_param" declared implicitly
    assert_param(IS_USART_ALL_PERIPH(USARTx));
..\LIB\SRC\stm32f4xx_usart.c(1360): warning:  #223-D: function "assert_param" declared implicitly
    assert_param(IS_USART_ALL_PERIPH(USARTx));
..\LIB\SRC\stm32f4xx_usart.c(1433): warning:  #223-D: function "assert_param" declared implicitly
    assert_param(IS_USART_ALL_PERIPH(USARTx));
..\LIB\SRC\stm32f4xx_usart.c: 27 warnings, 0 errors
compiling system_stm32f4xx.c...
assembling startup_stm32f40xx.s...
compiling lcd_ili9325.c...
..\App\BSP\lcd_ili9325.c(1): error:  #5: cannot open source input file "font.h": No such file or directory
  #include "font.h"
..\App\BSP\lcd_ili9325.c: 0 warnings, 1 error
compiling GUIDRV_Template.c...
compiling GUI_VNC_X.c...
..\emWin\Sample\GUI_X\GUI_VNC_X.c(35): error:  #5: cannot open source input file "GUI_X.h": No such file or directory
  #include "GUI_X.h"
..\emWin\Sample\GUI_X\GUI_VNC_X.c: 0 warnings, 1 error
compiling GUI_X.c...
compiling GUI_X_Touch_Analog.c...
..\emWin\Sample\GUI_X\GUI_X_Touch_Analog.c(35): error:  #5: cannot open source input file "GUI_X.h": No such file or directory
  #include "GUI_X.h"
..\emWin\Sample\GUI_X\GUI_X_Touch_Analog.c: 0 warnings, 1 error
compiling GUI_X_Touch_StoreState.c...
..\emWin\Sample\GUI_X\GUI_X_Touch_StoreState.c(46): error:  #20: identifier "U16" is undefined
    static U16 xOld;
..\emWin\Sample\GUI_X\GUI_X_Touch_StoreState.c(47): error:  #20: identifier "U16" is undefined
    static U16 yOld;
..\emWin\Sample\GUI_X\GUI_X_Touch_StoreState.c(48): error:  #20: identifier "U8" is undefined
    static U8  PressedOld;
..\emWin\Sample\GUI_X\GUI_X_Touch_StoreState.c(49): error:  #20: identifier "U16" is undefined
    U16 x, y, xDiff, yDiff;
..\emWin\Sample\GUI_X\GUI_X_Touch_StoreState.c(50): error:  #20: identifier "U8" is undefined
    U8  Pressed;
..\emWin\Sample\GUI_X\GUI_X_Touch_StoreState.c(59): error:  #29: expected an expression
      if (Pressed) {
..\emWin\Sample\GUI_X\GUI_X_Touch_StoreState.c(96): warning:  #12-D: parsing restarts here after previous syntax error
      } else {
..\emWin\Sample\GUI_X\GUI_X_Touch_StoreState.c(96): error:  #65: expected a ";"
      } else {
..\emWin\Sample\GUI_X\GUI_X_Touch_StoreState.c(96): error:  #112: expected "while"
      } else {
..\emWin\Sample\GUI_X\GUI_X_Touch_StoreState.c(106): warning:  #12-D: parsing restarts here after previous syntax error
    } while (1);
..\emWin\Sample\GUI_X\GUI_X_Touch_StoreState.c(106): error:  #125: expected a "("
    } while (1);
..\emWin\Sample\GUI_X\GUI_X_Touch_StoreState.c(106): error:  #29: expected an expression
    } while (1);
..\emWin\Sample\GUI_X\GUI_X_Touch_StoreState.c(106): error:  #18: expected a ")"
    } while (1);
..\emWin\Sample\GUI_X\GUI_X_Touch_StoreState.c(106): error:  #65: expected a ";"
    } while (1);
..\emWin\Sample\GUI_X\GUI_X_Touch_StoreState.c(106): error:  #169: expected a declaration
    } while (1);
..\emWin\Sample\GUI_X\GUI_X_Touch_StoreState.c(107): error:  #169: expected a declaration
  }
..\emWin\Sample\GUI_X\GUI_X_Touch_StoreState.c: 2 warnings, 14 errors
compiling GUIConf.c...
compiling LCDConf.c...
..\emWin\Sample\Config\LCDConf.c(182): warning:  #550-D: variable "p" was set but never used
      LCD_X_SETVRAMADDR_INFO * p;
..\emWin\Sample\Config\LCDConf.c(191): warning:  #550-D: variable "p" was set but never used
      LCD_X_SETORG_INFO * p;
..\emWin\Sample\Config\LCDConf.c(200): warning:  #550-D: variable "p" was set but never used
      LCD_X_SHOWBUFFER_INFO * p;
..\emWin\Sample\Config\LCDConf.c(209): warning:  #550-D: variable "p" was set but never used
      LCD_X_SETLUTENTRY_INFO * p;
..\emWin\Sample\Config\LCDConf.c: 4 warnings, 0 errors
compiling WindowDLG.c...
".\emWin.axf" - 52 Error(s), 131 Warning(s).
Target not created
